[DEBUG 2022-05-11 15:53:03.265 v0.0.0] MainThread:main.main: Starting bot
[DEBUG 2022-05-11 15:53:16.742 v0.0.0] MainThread:main.main: Starting bot
[ERROR 2022-05-11 15:53:17.180 v0.0.0] MainThread:main.<module>: main.<locals>.<lambda>() takes 0 positional arguments but 1 was given
Traceback (most recent call last):

> File "E:\AlexDev\PycharmProjects\PonkiApp\main.py", line 53, in <module>
    main()
    └ <function main at 0x000002396FB71000>

  File "E:\AlexDev\PycharmProjects\PonkiApp\main.py", line 48, in main
    executor.start_polling(dispatcher=dp, on_startup=lambda: logger.info('Bot started!'))
    │        │                        │                      │      └ <function Logger.info at 0x000002396FB59E10>
    │        │                        │                      └ <loguru.logger handlers=[(id=1, level=0, sink=<stdout>), (id=2, level=6, sink='debug.log')]>
    │        │                        └ <aiogram.dispatcher.dispatcher.Dispatcher object at 0x000002396FB5EBF0>
    │        └ <function start_polling at 0x000002396F9F03A0>
    └ <module 'aiogram.utils.executor' from 'E:\\AlexDev\\PycharmProjects\\PonkiProject\\PonkiApp\\lib\\site-packages\\aiogram\\uti...

  File "E:\AlexDev\PycharmProjects\PonkiProject\PonkiApp\lib\site-packages\aiogram\utils\executor.py", line 45, in start_polling
    executor.start_polling(
    │        └ <function Executor.start_polling at 0x000002396F9F0DC0>
    └ <aiogram.utils.executor.Executor object at 0x000002396FBAE470>

  File "E:\AlexDev\PycharmProjects\PonkiProject\PonkiApp\lib\site-packages\aiogram\utils\executor.py", line 320, in start_polling
    loop.run_until_complete(self._startup_polling())
    │    │                  │    └ <function Executor._startup_polling at 0x000002396F9F1090>
    │    │                  └ <aiogram.utils.executor.Executor object at 0x000002396FBAE470>
    │    └ <function BaseEventLoop.run_until_complete at 0x000002396E9D6560>
    └ <ProactorEventLoop running=False closed=False debug=False>

  File "C:\Users\LioFi\AppData\Local\Programs\Python\Python310\lib\asyncio\base_events.py", line 641, in run_until_complete
    return future.result()
           │      └ <method 'result' of '_asyncio.Task' objects>
           └ <Task finished name='Task-1' coro=<Executor._startup_polling() done, defined at E:\AlexDev\PycharmProjects\PonkiProject\Ponki...

  File "E:\AlexDev\PycharmProjects\PonkiProject\PonkiApp\lib\site-packages\aiogram\utils\executor.py", line 377, in _startup_polling
    await callback(self.dispatcher)
          │        │    └ <aiogram.dispatcher.dispatcher.Dispatcher object at 0x000002396FB5EBF0>
          │        └ <aiogram.utils.executor.Executor object at 0x000002396FBAE470>
          └ <function main.<locals>.<lambda> at 0x000002396FB71090>

TypeError: main.<locals>.<lambda>() takes 0 positional arguments but 1 was given
[DEBUG 2022-05-11 15:53:46.295 v0.0.0] MainThread:main.main: Starting bot
[INFO 2022-05-11 15:53:46.736 v0.0.0] MainThread:main.<lambda>: Bot started!
[ERROR 2022-05-11 15:53:46.738 v0.0.0] MainThread:main.<module>: object NoneType can't be used in 'await' expression
Traceback (most recent call last):

> File "E:\AlexDev\PycharmProjects\PonkiApp\main.py", line 53, in <module>
    main()
    └ <function main at 0x000001C5A1805000>

  File "E:\AlexDev\PycharmProjects\PonkiApp\main.py", line 48, in main
    executor.start_polling(dispatcher=dp, on_startup=lambda _: logger.info('Bot started!'))
    │        │                        │                        │      └ <function Logger.info at 0x000001C5A17E9E10>
    │        │                        │                        └ <loguru.logger handlers=[(id=1, level=0, sink=<stdout>), (id=2, level=6, sink='debug.log')]>
    │        │                        └ <aiogram.dispatcher.dispatcher.Dispatcher object at 0x000001C5A17EEC20>
    │        └ <function start_polling at 0x000001C5A16803A0>
    └ <module 'aiogram.utils.executor' from 'E:\\AlexDev\\PycharmProjects\\PonkiProject\\PonkiApp\\lib\\site-packages\\aiogram\\uti...

  File "E:\AlexDev\PycharmProjects\PonkiProject\PonkiApp\lib\site-packages\aiogram\utils\executor.py", line 45, in start_polling
    executor.start_polling(
    │        └ <function Executor.start_polling at 0x000001C5A1680DC0>
    └ <aiogram.utils.executor.Executor object at 0x000001C5A183E4A0>

  File "E:\AlexDev\PycharmProjects\PonkiProject\PonkiApp\lib\site-packages\aiogram\utils\executor.py", line 320, in start_polling
    loop.run_until_complete(self._startup_polling())
    │    │                  │    └ <function Executor._startup_polling at 0x000001C5A1681090>
    │    │                  └ <aiogram.utils.executor.Executor object at 0x000001C5A183E4A0>
    │    └ <function BaseEventLoop.run_until_complete at 0x000001C5A06C6560>
    └ <ProactorEventLoop running=False closed=False debug=False>

  File "C:\Users\LioFi\AppData\Local\Programs\Python\Python310\lib\asyncio\base_events.py", line 641, in run_until_complete
    return future.result()
           │      └ <method 'result' of '_asyncio.Task' objects>
           └ <Task finished name='Task-1' coro=<Executor._startup_polling() done, defined at E:\AlexDev\PycharmProjects\PonkiProject\Ponki...

  File "E:\AlexDev\PycharmProjects\PonkiProject\PonkiApp\lib\site-packages\aiogram\utils\executor.py", line 377, in _startup_polling
    await callback(self.dispatcher)
          │        │    └ <aiogram.dispatcher.dispatcher.Dispatcher object at 0x000001C5A17EEC20>
          │        └ <aiogram.utils.executor.Executor object at 0x000001C5A183E4A0>
          └ <function main.<locals>.<lambda> at 0x000001C5A1805090>

TypeError: object NoneType can't be used in 'await' expression
[DEBUG 2022-05-11 15:55:56.201 v0.0.0] MainThread:main.main: Starting bot
[ERROR 2022-05-11 15:55:56.619 v0.0.0] MainThread:main.<module>: on_startup() takes 0 positional arguments but 1 was given
Traceback (most recent call last):

> File "E:\AlexDev\PycharmProjects\PonkiApp\main.py", line 57, in <module>
    main()
    └ <function main at 0x0000017C77F71090>

  File "E:\AlexDev\PycharmProjects\PonkiApp\main.py", line 52, in main
    executor.start_polling(dispatcher=dp, on_startup=on_startup)
    │        │                        │              └ <function on_startup at 0x0000017C77F71000>
    │        │                        └ <aiogram.dispatcher.dispatcher.Dispatcher object at 0x0000017C77F5EC50>
    │        └ <function start_polling at 0x0000017C77DF03A0>
    └ <module 'aiogram.utils.executor' from 'E:\\AlexDev\\PycharmProjects\\PonkiProject\\PonkiApp\\lib\\site-packages\\aiogram\\uti...

  File "E:\AlexDev\PycharmProjects\PonkiProject\PonkiApp\lib\site-packages\aiogram\utils\executor.py", line 45, in start_polling
    executor.start_polling(
    │        └ <function Executor.start_polling at 0x0000017C77DF0DC0>
    └ <aiogram.utils.executor.Executor object at 0x0000017C77FAE4D0>

  File "E:\AlexDev\PycharmProjects\PonkiProject\PonkiApp\lib\site-packages\aiogram\utils\executor.py", line 320, in start_polling
    loop.run_until_complete(self._startup_polling())
    │    │                  │    └ <function Executor._startup_polling at 0x0000017C77DF1090>
    │    │                  └ <aiogram.utils.executor.Executor object at 0x0000017C77FAE4D0>
    │    └ <function BaseEventLoop.run_until_complete at 0x0000017C76DD6560>
    └ <ProactorEventLoop running=False closed=False debug=False>

  File "C:\Users\LioFi\AppData\Local\Programs\Python\Python310\lib\asyncio\base_events.py", line 641, in run_until_complete
    return future.result()
           │      └ <method 'result' of '_asyncio.Task' objects>
           └ <Task finished name='Task-1' coro=<Executor._startup_polling() done, defined at E:\AlexDev\PycharmProjects\PonkiProject\Ponki...

  File "E:\AlexDev\PycharmProjects\PonkiProject\PonkiApp\lib\site-packages\aiogram\utils\executor.py", line 377, in _startup_polling
    await callback(self.dispatcher)
          │        │    └ <aiogram.dispatcher.dispatcher.Dispatcher object at 0x0000017C77F5EC50>
          │        └ <aiogram.utils.executor.Executor object at 0x0000017C77FAE4D0>
          └ <function on_startup at 0x0000017C77F71000>

TypeError: on_startup() takes 0 positional arguments but 1 was given
[DEBUG 2022-05-11 15:56:02.605 v0.0.0] MainThread:main.main: Starting bot
[INFO 2022-05-11 15:56:03.043 v0.0.0] MainThread:main.on_startup: Bot started!
[DEBUG 2022-05-11 15:56:41.094 v0.0.0] MainThread:main.main: Starting bot
[INFO 2022-05-11 15:56:41.539 v0.0.0] MainThread:main.on_startup: Bot started!
[DEBUG 2022-05-11 16:12:16.209 v0.0.0] MainThread:main.main: Starting bot
[INFO 2022-05-11 16:12:19.324 v0.0.0] MainThread:main.on_startup: Bot started!
[DEBUG 2022-05-11 16:15:45.403 v0.0.0] MainThread:main.main: Starting bot
[INFO 2022-05-11 16:15:48.629 v0.0.0] MainThread:main.on_startup: Bot started!
[DEBUG 2022-05-11 16:40:22.072 v0.0.0] MainThread:main.main: Starting bot
[ERROR 2022-05-11 16:40:22.089 v0.0.0] MainThread:main.<module>: name 'register_admin' is not defined
Traceback (most recent call last):

> File "E:\AlexDev\PycharmProjects\PonkiApp\main.py", line 53, in <module>
    main()
    └ <function main at 0x00000240EC4A4C10>

  File "E:\AlexDev\PycharmProjects\PonkiApp\main.py", line 45, in main
    register_all_handlers(dp)
    │                     └ <aiogram.dispatcher.dispatcher.Dispatcher object at 0x00000240EC48E650>
    └ <function register_all_handlers at 0x00000240EC4A4AF0>

  File "E:\AlexDev\PycharmProjects\PonkiApp\main.py", line 21, in register_all_handlers
    register_admin(dp)
                   └ <aiogram.dispatcher.dispatcher.Dispatcher object at 0x00000240EC48E650>

NameError: name 'register_admin' is not defined
[DEBUG 2022-05-11 16:40:30.371 v0.0.0] MainThread:main.main: Starting bot
[INFO 2022-05-11 16:40:30.892 v0.0.0] MainThread:main.on_startup: Bot started!
[DEBUG 2022-05-11 16:41:08.544 v0.0.0] MainThread:main.main: Starting bot
[INFO 2022-05-11 16:41:08.946 v0.0.0] MainThread:main.on_startup: Bot started!
[DEBUG 2022-05-11 16:51:52.919 v0.0.0] MainThread:main.main: Starting bot
[INFO 2022-05-11 16:51:53.457 v0.0.0] MainThread:main.on_startup: Bot started!
[DEBUG 2022-05-11 16:52:39.691 v0.0.0] MainThread:main.main: Starting bot
[INFO 2022-05-11 16:52:40.192 v0.0.0] MainThread:main.on_startup: Bot started!
[DEBUG 2022-05-11 16:54:24.395 v0.0.0] MainThread:main.main: Starting bot
[INFO 2022-05-11 16:54:24.832 v0.0.0] MainThread:main.on_startup: Bot started!
[DEBUG 2022-05-11 16:54:45.814 v0.0.0] MainThread:main.main: Starting bot
[INFO 2022-05-11 16:54:46.271 v0.0.0] MainThread:main.on_startup: Bot started!
[DEBUG 2022-05-11 16:56:39.359 v0.0.0] MainThread:main.main: Starting bot
[INFO 2022-05-11 16:56:39.857 v0.0.0] MainThread:main.on_startup: Bot started!
[DEBUG 2022-05-11 16:57:38.337 v0.0.0] MainThread:main.main: Starting bot
[INFO 2022-05-11 16:57:38.842 v0.0.0] MainThread:main.on_startup: Bot started!
[DEBUG 2022-05-11 19:39:29.773 v0.0.0] MainThread:main.main: Starting bot
[INFO 2022-05-11 19:39:30.363 v0.0.0] MainThread:main.on_startup: Bot started!
[DEBUG 2022-05-11 19:39:37.871 v0.0.0] MainThread:main.main: Starting bot
[INFO 2022-05-11 19:39:38.295 v0.0.0] MainThread:main.on_startup: Bot started!
[DEBUG 2022-05-11 19:40:01.595 v0.0.0] MainThread:main.main: Starting bot
[INFO 2022-05-11 19:40:02.108 v0.0.0] MainThread:main.on_startup: Bot started!
[DEBUG 2022-05-11 19:40:33.201 v0.0.0] MainThread:main.main: Starting bot
[INFO 2022-05-11 19:40:33.730 v0.0.0] MainThread:main.on_startup: Bot started!
[DEBUG 2022-05-11 20:44:40.467 v0.0.0] MainThread:main.main: Starting bot
[INFO 2022-05-11 20:44:42.982 v0.0.0] MainThread:main.on_startup: Bot started!
[DEBUG 2022-05-11 20:47:03.307 v0.0.0] MainThread:main.main: Starting bot
[INFO 2022-05-11 20:47:03.801 v0.0.0] MainThread:main.on_startup: Bot started!
[DEBUG 2022-05-11 21:05:48.128 v0.0.0] MainThread:main.main: Starting bot
[INFO 2022-05-11 21:05:48.666 v0.0.0] MainThread:main.on_startup: Bot started!
[DEBUG 2022-05-11 21:15:03.982 v0.0.0] MainThread:main.main: Starting bot
[INFO 2022-05-11 21:15:04.510 v0.0.0] MainThread:main.on_startup: Bot started!
[DEBUG 2022-05-11 21:17:11.441 v0.0.0] MainThread:main.main: Starting bot
[INFO 2022-05-11 21:17:11.976 v0.0.0] MainThread:main.on_startup: Bot started!
[DEBUG 2022-05-11 21:21:22.311 v0.0.0] MainThread:main.main: Starting bot
[INFO 2022-05-11 21:21:22.852 v0.0.0] MainThread:main.on_startup: Bot started!
[DEBUG 2022-05-11 21:23:03.983 v0.0.0] MainThread:main.main: Starting bot
[INFO 2022-05-11 21:23:04.403 v0.0.0] MainThread:main.on_startup: Bot started!
[DEBUG 2022-05-11 21:23:13.366 v0.0.0] MainThread:main.main: Starting bot
[INFO 2022-05-11 21:23:13.773 v0.0.0] MainThread:main.on_startup: Bot started!
[DEBUG 2022-05-11 21:25:18.432 v0.0.0] MainThread:main.main: Starting bot
[INFO 2022-05-11 21:25:18.892 v0.0.0] MainThread:main.on_startup: Bot started!
[DEBUG 2022-05-11 21:26:22.904 v0.0.0] MainThread:main.main: Starting bot
[INFO 2022-05-11 21:26:23.479 v0.0.0] MainThread:main.on_startup: Bot started!
[DEBUG 2022-05-11 22:03:34.802 v0.0.0] MainThread:main.main: Starting bot
[INFO 2022-05-11 22:03:35.307 v0.0.0] MainThread:main.on_startup: Bot started!
[DEBUG 2022-05-11 22:04:39.654 v0.0.0] MainThread:main.main: Starting bot
[INFO 2022-05-11 22:04:40.193 v0.0.0] MainThread:main.on_startup: Bot started!
[DEBUG 2022-05-11 22:05:17.249 v0.0.0] MainThread:main.main: Starting bot
[INFO 2022-05-11 22:05:17.674 v0.0.0] MainThread:main.on_startup: Bot started!
[DEBUG 2022-05-11 22:07:55.934 v0.0.0] MainThread:main.main: Starting bot
[INFO 2022-05-11 22:07:56.351 v0.0.0] MainThread:main.on_startup: Bot started!
[DEBUG 2022-05-11 22:26:54.370 v0.0.0] MainThread:main.main: Starting bot
[INFO 2022-05-11 22:26:54.915 v0.0.0] MainThread:main.on_startup: Bot started!
[DEBUG 2022-05-11 22:35:13.963 v0.0.0] MainThread:main.main: Starting bot
[INFO 2022-05-11 22:35:14.506 v0.0.0] MainThread:main.on_startup: Bot started!
[DEBUG 2022-05-11 22:37:14.766 v0.0.0] MainThread:main.main: Starting bot
[INFO 2022-05-11 22:37:15.282 v0.0.0] MainThread:main.on_startup: Bot started!
[DEBUG 2022-05-11 22:45:52.704 v0.0.0] MainThread:main.main: Starting bot
[INFO 2022-05-11 22:45:53.252 v0.0.0] MainThread:main.on_startup: Bot started!
[DEBUG 2022-05-11 22:49:37.148 v0.0.0] MainThread:main.main: Starting bot
[INFO 2022-05-11 22:49:37.663 v0.0.0] MainThread:main.on_startup: Bot started!
[DEBUG 2022-05-11 22:53:06.461 v0.0.0] MainThread:main.main: Starting bot
[INFO 2022-05-11 22:53:06.990 v0.0.0] MainThread:main.on_startup: Bot started!
[DEBUG 2022-05-11 22:57:34.225 v0.0.0] MainThread:main.main: Starting bot
[INFO 2022-05-11 22:57:34.742 v0.0.0] MainThread:main.on_startup: Bot started!
[DEBUG 2022-05-11 23:19:13.104 v0.0.0] MainThread:main.main: Starting bot
[INFO 2022-05-11 23:19:13.733 v0.0.0] MainThread:main.on_startup: Bot started!
[DEBUG 2022-05-11 23:22:54.532 v0.0.0] MainThread:main.main: Starting bot
[INFO 2022-05-11 23:22:55.089 v0.0.0] MainThread:main.on_startup: Bot started!
[DEBUG 2022-05-11 23:28:55.018 v0.0.0] MainThread:main.main: Starting bot
[INFO 2022-05-11 23:28:55.538 v0.0.0] MainThread:main.on_startup: Bot started!
[DEBUG 2022-05-11 23:29:21.458 v0.0.0] MainThread:main.main: Starting bot
[INFO 2022-05-11 23:29:21.870 v0.0.0] MainThread:main.on_startup: Bot started!
